<?xml version="1.0" encoding="UTF-8"?>
<!-- Generated by org.testng.reporters.JUnitReportReporter -->
<testsuite hostname="h3" failures="0" tests="4" name="site.ycsb.generator.TestUnixEpochTimestampGenerator" time="0.000" errors="0" timestamp="25 Aug 2023 09:26:18 GMT">
  <testcase classname="site.ycsb.generator.TestUnixEpochTimestampGenerator" name="ctorWithIntervalAndUnits" time="0.000"/>
  <testcase classname="site.ycsb.generator.TestUnixEpochTimestampGenerator" name="ctorWithIntervalAndUnitsAndStart" time="0.000"/>
  <testcase classname="site.ycsb.generator.TestUnixEpochTimestampGenerator" name="variousIntervalsAndUnits" time="0.000"/>
  <testcase classname="site.ycsb.generator.TestUnixEpochTimestampGenerator" name="defaultCtor" time="0.000"/>
</testsuite>
