<?xml version="1.0" encoding="UTF-8"?>
<!-- Generated by org.testng.reporters.JUnitReportReporter -->
<testsuite hostname="h3" failures="0" tests="6" name="site.ycsb.TestUtils" time="0.039" errors="0" timestamp="25 Aug 2023 09:26:18 GMT">
  <testcase classname="site.ycsb.TestUtils" name="bytesToFromDouble" time="0.000"/>
  <testcase classname="site.ycsb.TestUtils" name="jvmUtils" time="0.038"/>
  <testcase classname="site.ycsb.TestUtils" name="bytesToDoubleTooShort" time="0.000"/>
  <testcase classname="site.ycsb.TestUtils" name="bytesToFromLong" time="0.001"/>
  <testcase classname="site.ycsb.TestUtils" name="bytesToLongTooShort" time="0.000"/>
  <testcase classname="site.ycsb.TestUtils" name="bytesToLongNull" time="0.000"/>
</testsuite>
