<?xml version="1.0" encoding="UTF-8"?>
<!-- Generated by org.testng.reporters.JUnitReportReporter -->
<testsuite hostname="h3" failures="0" tests="1" name="site.ycsb.TestByteIterator" time="0.005" errors="0" timestamp="25 Aug 2023 09:26:18 GMT">
  <testcase classname="site.ycsb.TestByteIterator" name="testRandomByteIterator" time="0.005"/>
</testsuite>
