<?xml version="1.0" encoding="UTF-8"?>
<!-- Generated by org.testng.reporters.JUnitReportReporter -->
<testsuite hostname="h3" failures="0" tests="13" name="site.ycsb.workloads.TestTimeSeriesWorkload" time="0.017" errors="0" timestamp="25 Aug 2023 09:26:18 GMT">
  <testcase classname="site.ycsb.workloads.TestTimeSeriesWorkload" name="badTimeUnit" time="0.001"/>
  <testcase classname="site.ycsb.workloads.TestTimeSeriesWorkload" name="failedToInitWorkloadBeforeThreadInit" time="0.000"/>
  <testcase classname="site.ycsb.workloads.TestTimeSeriesWorkload" name="validateSettingsDataIntegrity" time="0.001"/>
  <testcase classname="site.ycsb.workloads.TestTimeSeriesWorkload" name="twoThreads" time="0.001"/>
  <testcase classname="site.ycsb.workloads.TestTimeSeriesWorkload" name="insertTwoKeysTwoTagsLowCardinality" time="0.001"/>
  <testcase classname="site.ycsb.workloads.TestTimeSeriesWorkload" name="insertWithValidation" time="0.001"/>
  <testcase classname="site.ycsb.workloads.TestTimeSeriesWorkload" name="failedToInitThread" time="0.001"/>
  <testcase classname="site.ycsb.workloads.TestTimeSeriesWorkload" name="insertThreeKeysTwoThreads" time="0.001"/>
  <testcase classname="site.ycsb.workloads.TestTimeSeriesWorkload" name="verifyRow" time="0.006"/>
  <testcase classname="site.ycsb.workloads.TestTimeSeriesWorkload" name="insertOneKeyOneTagCardinalityOne" time="0.002"/>
  <testcase classname="site.ycsb.workloads.TestTimeSeriesWorkload" name="insertTwoKeysTwoThreads" time="0.001"/>
  <testcase classname="site.ycsb.workloads.TestTimeSeriesWorkload" name="insertOneKeyTwoTagsLowCardinality" time="0.001"/>
  <testcase classname="site.ycsb.workloads.TestTimeSeriesWorkload" name="read" time="0.000"/>
</testsuite>
