<?xml version="1.0" encoding="UTF-8"?>
<!-- Generated by org.testng.reporters.JUnitReportReporter -->
<testsuite hostname="h3" failures="0" tests="2" name="site.ycsb.TestNumericByteIterator" time="0.001" errors="0" timestamp="25 Aug 2023 09:26:18 GMT">
  <testcase classname="site.ycsb.TestNumericByteIterator" name="testDouble" time="0.001"/>
  <testcase classname="site.ycsb.TestNumericByteIterator" name="testLong" time="0.000"/>
</testsuite>
